[2025-07-30 03:34:23] [LOG]: 应用程序启动
[2025-07-30 03:34:23] [WARNING]: 未以管理员权限运行
[2025-07-30 03:34:23] [WARNING]: run: 打开同步事件失败，错误代码为 2
[2025-07-30 03:34:23] [INFO]: IsInjected: 存活状态：DLL 不在线
[2025-07-30 03:34:23] [LOG]: 自动模式: 无需注入DLL
[2025-07-30 03:34:34] [LOG]: UnInjectDLL: 准备卸载 DLL
[2025-07-30 03:34:35] [WARNING]: run: 打开同步事件失败，错误代码为 2
[2025-07-30 03:34:36] [ERROR]: UnInjectDLL: DLL 卸载失败
[2025-07-30 05:06:03] [LOG]: 应用程序启动
[2025-07-30 05:06:03] [LOG]: ---------- 发送命令 ----------
[2025-07-30 05:06:03] [LOG]: commandData->command      = 8
[2025-07-30 05:06:03] [LOG]: commandData->size         = 2147483647
[2025-07-30 05:06:03] [LOG]: commandData->u_batchIndex = 18446744073709551615
[2025-07-30 05:06:03] [LOG]: commandData->errorNumber  = 18446744073709551615
[2025-07-30 05:06:03] [LOG]: commandData->errorMessage = 
[2025-07-30 05:06:03] [LOG]: -----------------------------
[2025-07-30 05:06:03] [LOG]: 等待命令执行
[2025-07-30 05:06:03] [LOG]: 等待结束
[2025-07-30 05:06:03] [LOG]: ---------- 返回数据 ----------
[2025-07-30 05:06:03] [LOG]: sharedMemView->command      = 8
[2025-07-30 05:06:03] [LOG]: sharedMemView->size         = 2147483647
[2025-07-30 05:06:03] [LOG]: sharedMemView->u_batchIndex = 18446744073709551615
[2025-07-30 05:06:03] [LOG]: sharedMemView->errorNumber  = 1
[2025-07-30 05:06:03] [LOG]: sharedMemView->errorMessage = 
[2025-07-30 05:06:03] [LOG]: -----------------------------
[2025-07-30 05:06:03] [LOG]: 查找 explorer 进程ID...
[2025-07-30 05:06:03] [SUCCESS]: GetTargetExplorerPID: 找到 explorer 进程ID: 14504
[2025-07-30 05:06:03] [WARNING]: DisableSnapToGrid: 禁用对齐网格失败
[2025-07-30 08:29:38] [LOG]: 应用程序启动
[2025-07-30 08:29:38] [WARNING]: 未以管理员权限运行
[2025-07-30 08:29:38] [LOG]: ---------- 发送命令 ----------
[2025-07-30 08:29:38] [LOG]: commandData->command      = 5
[2025-07-30 08:29:38] [LOG]: commandData->size         = 2147483647
[2025-07-30 08:29:38] [LOG]: commandData->u_batchIndex = 18446744073709551615
[2025-07-30 08:29:38] [LOG]: commandData->errorNumber  = 18446744073709551615
[2025-07-30 08:29:38] [LOG]: commandData->errorMessage = 
[2025-07-30 08:29:38] [LOG]: -----------------------------
[2025-07-30 08:29:38] [LOG]: 等待命令执行
[2025-07-30 08:29:38] [LOG]: 等待结束
[2025-07-30 08:29:38] [LOG]: ---------- 返回数据 ----------
[2025-07-30 08:29:38] [LOG]: sharedMemView->command      = 5
[2025-07-30 08:29:38] [LOG]: sharedMemView->size         = 2147483647
[2025-07-30 08:29:38] [LOG]: sharedMemView->u_batchIndex = 18446744073709551615
[2025-07-30 08:29:38] [LOG]: sharedMemView->errorNumber  = 0
[2025-07-30 08:29:38] [LOG]: sharedMemView->errorMessage = 
[2025-07-30 08:29:38] [LOG]: -----------------------------
[2025-07-30 08:29:38] [SUCCESS]: run: 指令执行完成，正在将数据拷回
[2025-07-30 08:29:38] [LOG]: 查找 explorer 进程ID...
[2025-07-30 08:29:38] [SUCCESS]: GetTargetExplorerPID: 找到 explorer 进程ID: 5148
[2025-07-30 08:29:38] [INFO]: IsInjected: 存活状态：DLL 在线
[2025-07-30 08:29:38] [LOG]: 自动模式: 无需注入DLL
[2025-07-30 08:29:44] [WARNING]: 命令行参数执行失败
[2025-07-30 08:30:06] [LOG]: 应用程序启动
[2025-07-30 08:30:06] [WARNING]: 未以管理员权限运行
[2025-07-30 08:30:06] [LOG]: ---------- 发送命令 ----------
[2025-07-30 08:30:06] [LOG]: commandData->command      = 5
[2025-07-30 08:30:06] [LOG]: commandData->size         = 2147483647
[2025-07-30 08:30:06] [LOG]: commandData->u_batchIndex = 18446744073709551615
[2025-07-30 08:30:06] [LOG]: commandData->errorNumber  = 18446744073709551615
[2025-07-30 08:30:06] [LOG]: commandData->errorMessage = 
[2025-07-30 08:30:06] [LOG]: -----------------------------
[2025-07-30 08:30:06] [LOG]: 等待命令执行
[2025-07-30 08:30:06] [LOG]: 等待结束
[2025-07-30 08:30:06] [LOG]: ---------- 返回数据 ----------
[2025-07-30 08:30:06] [LOG]: sharedMemView->command      = 5
[2025-07-30 08:30:06] [LOG]: sharedMemView->size         = 2147483647
[2025-07-30 08:30:06] [LOG]: sharedMemView->u_batchIndex = 18446744073709551615
[2025-07-30 08:30:06] [LOG]: sharedMemView->errorNumber  = 0
[2025-07-30 08:30:06] [LOG]: sharedMemView->errorMessage = 
[2025-07-30 08:30:06] [LOG]: -----------------------------
[2025-07-30 08:30:06] [SUCCESS]: run: 指令执行完成，正在将数据拷回
[2025-07-30 08:30:06] [LOG]: 查找 explorer 进程ID...
[2025-07-30 08:30:06] [SUCCESS]: GetTargetExplorerPID: 找到 explorer 进程ID: 5148
[2025-07-30 08:30:06] [INFO]: IsInjected: 存活状态：DLL 在线
[2025-07-30 08:30:17] [LOG]: 自动模式: 无需注入DLL
[2025-07-30 08:30:33] [LOG]: ---------- 发送命令 ----------
[2025-07-30 08:30:33] [LOG]: commandData->command      = 5
[2025-07-30 08:30:33] [LOG]: commandData->size         = 2147483647
[2025-07-30 08:30:33] [LOG]: commandData->u_batchIndex = 18446744073709551615
[2025-07-30 08:30:33] [LOG]: commandData->errorNumber  = 18446744073709551615
[2025-07-30 08:30:33] [LOG]: commandData->errorMessage = 
[2025-07-30 08:30:33] [LOG]: -----------------------------
[2025-07-30 08:30:33] [LOG]: 等待命令执行
[2025-07-30 08:30:33] [LOG]: 等待结束
[2025-07-30 08:30:33] [LOG]: ---------- 返回数据 ----------
[2025-07-30 08:30:33] [LOG]: sharedMemView->command      = 5
[2025-07-30 08:30:33] [LOG]: sharedMemView->size         = 2147483647
[2025-07-30 08:30:33] [LOG]: sharedMemView->u_batchIndex = 18446744073709551615
[2025-07-30 08:30:33] [LOG]: sharedMemView->errorNumber  = 0
[2025-07-30 08:30:33] [LOG]: sharedMemView->errorMessage = 
[2025-07-30 08:30:33] [LOG]: -----------------------------
[2025-07-30 08:30:33] [SUCCESS]: run: 指令执行完成，正在将数据拷回
[2025-07-30 08:30:33] [LOG]: 查找 explorer 进程ID...
[2025-07-30 08:30:33] [SUCCESS]: GetTargetExplorerPID: 找到 explorer 进程ID: 5148
[2025-07-30 08:30:33] [INFO]: IsInjected: 存活状态：DLL 在线
[2025-07-30 08:31:30] [LOG]: 应用程序启动
[2025-07-30 08:31:30] [WARNING]: 未以管理员权限运行
[2025-07-30 08:31:30] [LOG]: ---------- 发送命令 ----------
[2025-07-30 08:31:30] [LOG]: commandData->command      = 5
[2025-07-30 08:31:30] [LOG]: commandData->size         = 2147483647
[2025-07-30 08:31:30] [LOG]: commandData->u_batchIndex = 18446744073709551615
[2025-07-30 08:31:30] [LOG]: commandData->errorNumber  = 18446744073709551615
[2025-07-30 08:31:30] [LOG]: commandData->errorMessage = 
[2025-07-30 08:31:30] [LOG]: -----------------------------
[2025-07-30 08:31:30] [LOG]: 等待命令执行
[2025-07-30 08:31:30] [LOG]: 等待结束
[2025-07-30 08:31:30] [LOG]: ---------- 返回数据 ----------
[2025-07-30 08:31:30] [LOG]: sharedMemView->command      = 5
[2025-07-30 08:31:30] [LOG]: sharedMemView->size         = 2147483647
[2025-07-30 08:31:30] [LOG]: sharedMemView->u_batchIndex = 18446744073709551615
[2025-07-30 08:31:30] [LOG]: sharedMemView->errorNumber  = 0
[2025-07-30 08:31:30] [LOG]: sharedMemView->errorMessage = 
[2025-07-30 08:31:30] [LOG]: -----------------------------
[2025-07-30 08:31:30] [SUCCESS]: run: 指令执行完成，正在将数据拷回
[2025-07-30 08:31:30] [LOG]: 查找 explorer 进程ID...
[2025-07-30 08:31:30] [SUCCESS]: GetTargetExplorerPID: 找到 explorer 进程ID: 5148
[2025-07-30 08:31:30] [INFO]: IsInjected: 存活状态：DLL 在线
[2025-07-30 08:31:30] [LOG]: 自动模式: 无需注入DLL
[2025-07-30 08:31:30] [WARNING]: 命令行参数执行失败
